2024-10-30 00:52:05  - weather_etl - [INFO] - pipeline.execute_pipeline: - Initializing pipeline with config from /Users/deepakkumar/Desktop/weather_analyzer/config/config.yaml
2024-10-30 00:52:05  - weather_etl - [INFO] - pipeline.execute_pipeline: - Created pipeline directories at /Users/deepakkumar/Desktop/weather_analyzer
2024-10-30 00:52:05  - weather_etl - [INFO] - pipeline.execute_pipeline: - Pipeline will execute steps: extract, transform, dq_checks, analyze, load
2024-10-30 00:52:05  - weather_etl - [INFO] - pipeline.execute_pipeline: - Starting execution of step: extract
2024-10-30 00:52:05  - weather_etl - [DEBUG] - pipeline.execute_pipeline: - Executing extract as initial step
2024-10-30 00:52:05  - weather_etl - [INFO] - step_executor.execute_step: - Starting execution of pipeline step: extract
2024-10-30 00:52:05  - weather_etl - [DEBUG] - step_executor.execute_step: - Calling extract function with input data
2024-10-30 00:52:05  - weather_etl - [INFO] - weather_data_reader.execute_extract: - Starting execute_extract function
2024-10-30 00:52:05  - weather_etl - [DEBUG] - weather_data_reader.execute_extract: - Retrieving input path from config dictionary
2024-10-30 00:52:05  - weather_etl - [INFO] - weather_data_reader.execute_extract: - Input path configured as: /Users/deepakkumar/Desktop/weather_analyzer/data/input/ETL_developer_Case.json
2024-10-30 00:52:05  - weather_etl - [DEBUG] - weather_data_reader.execute_extract: - Initiating JSON file reading process
2024-10-30 00:52:05  - weather_etl - [INFO] - weather_data_reader.execute_extract: - Successfully extracted data for 5 cities
2024-10-30 00:52:05  - weather_etl - [DEBUG] - weather_data_reader.execute_extract: - Extracted data keys: Bangkok, Thailand, Chiang Mai, Thailand, Phuket, Thailand, Pattaya, Thailand, Hat Yai, Thailand
2024-10-30 00:52:05  - weather_etl - [INFO] - weather_data_reader.execute_extract: - Completed execute_extract function
2024-10-30 00:52:05  - weather_etl - [DEBUG] - step_executor.execute_step: - Saving state for step: extract
2024-10-30 00:52:05  - weather_etl - [DEBUG] - step_executor.execute_step: - Creating checkpoint for step: extract
2024-10-30 00:52:05  - weather_etl - [INFO] - step_executor.execute_step: - Successfully completed step: extract
2024-10-30 00:52:05  - weather_etl - [INFO] - pipeline.execute_pipeline: - Saved metadata for step extract
2024-10-30 00:52:05  - weather_etl - [INFO] - pipeline.execute_pipeline: - Starting execution of step: transform
2024-10-30 00:52:05  - weather_etl - [DEBUG] - pipeline.execute_pipeline: - Executing transform with input from extract
2024-10-30 00:52:05  - weather_etl - [INFO] - step_executor.execute_step: - Starting execution of pipeline step: transform
2024-10-30 00:52:05  - weather_etl - [DEBUG] - step_executor.execute_step: - Calling transform function with input data
2024-10-30 00:52:05  - weather_etl - [INFO] - weather_data_processing.execute_transform: - Starting transform execution
2024-10-30 00:52:05  - weather_etl - [DEBUG] - weather_data_processing.execute_transform: - Retrieved raw data for transformation
2024-10-30 00:52:07  - weather_etl - [DEBUG] - weather_data_processing.execute_transform: - Successfully parsed weather dataframes
2024-10-30 00:52:07  - weather_etl - [INFO] - weather_data_processing.execute_transform: - Successfully completed transform execution
2024-10-30 00:52:07  - weather_etl - [DEBUG] - step_executor.execute_step: - Saving state for step: transform
2024-10-30 00:52:07  - weather_etl - [DEBUG] - step_executor.execute_step: - Creating checkpoint for step: transform
2024-10-30 00:52:07  - weather_etl - [INFO] - step_executor.execute_step: - Successfully completed step: transform
2024-10-30 00:52:07  - weather_etl - [INFO] - pipeline.execute_pipeline: - Saved metadata for step transform
2024-10-30 00:52:07  - weather_etl - [DEBUG] - pipeline.execute_pipeline: - Cleaned up data from extract
2024-10-30 00:52:07  - weather_etl - [INFO] - pipeline.execute_pipeline: - Starting execution of step: dq_checks
2024-10-30 00:52:07  - weather_etl - [DEBUG] - pipeline.execute_pipeline: - Executing dq_checks with input from transform
2024-10-30 00:52:07  - weather_etl - [INFO] - step_executor.execute_step: - Starting execution of pipeline step: dq_checks
2024-10-30 00:52:07  - weather_etl - [DEBUG] - step_executor.execute_step: - Calling dq_checks function with input data
2024-10-30 00:52:07  - weather_etl - [INFO] - weather_data_quality_checks.execute_dq_checks: - Starting weather data quality checks
2024-10-30 00:52:07  - weather_etl - [INFO] - weather_data_quality_checks.execute_dq_checks: - Processing 5 current records, 15 forecast records, 5 location records
2024-10-30 00:52:07  - weather_etl - [INFO] - weather_data_quality_checks.execute_dq_checks: - Weather data quality checks completed successfully
2024-10-30 00:52:07  - weather_etl - [DEBUG] - step_executor.execute_step: - Saving state for step: dq_checks
2024-10-30 00:52:07  - weather_etl - [DEBUG] - step_executor.execute_step: - Creating checkpoint for step: dq_checks
2024-10-30 00:52:07  - weather_etl - [INFO] - step_executor.execute_step: - Successfully completed step: dq_checks
2024-10-30 00:52:07  - weather_etl - [INFO] - pipeline.execute_pipeline: - Saved metadata for step dq_checks
2024-10-30 00:52:07  - weather_etl - [DEBUG] - pipeline.execute_pipeline: - Cleaned up data from transform
2024-10-30 00:52:07  - weather_etl - [INFO] - pipeline.execute_pipeline: - Starting execution of step: analyze
2024-10-30 00:52:07  - weather_etl - [DEBUG] - pipeline.execute_pipeline: - Executing analyze with input from dq_checks
2024-10-30 00:52:07  - weather_etl - [INFO] - step_executor.execute_step: - Starting execution of pipeline step: analyze
2024-10-30 00:52:07  - weather_etl - [DEBUG] - step_executor.execute_step: - Calling analyze function with input data
2024-10-30 00:52:07  - weather_etl - [INFO] - weather_temperature_analysis.execute_analyze: - Starting temperature analysis execution
2024-10-30 00:52:07  - weather_etl - [INFO] - weather_temperature_analysis.execute_analyze: - Processing data for 4 locations
2024-10-30 00:52:07  - weather_etl - [DEBUG] - weather_temperature_analysis.execute_analyze: - Merging current and forecast weather data
2024-10-30 00:52:07  - weather_etl - [INFO] - weather_temperature_analysis.execute_analyze: - Successfully merged DataFrames, resulting in 12 records
2024-10-30 00:52:07  - weather_etl - [DEBUG] - weather_temperature_analysis.execute_analyze: - Calculating days with maximum temperatures
2024-10-30 00:52:07  - weather_etl - [INFO] - weather_temperature_analysis.execute_analyze: - Identified maximum temperature days for 4 cities
2024-10-30 00:52:07  - weather_etl - [DEBUG] - weather_temperature_analysis.execute_analyze: - Computing temperature aggregations per city
2024-10-30 00:52:07  - weather_etl - [INFO] - weather_temperature_analysis.execute_analyze: - Generated temperature aggregations for 4 cities
2024-10-30 00:52:07  - weather_etl - [DEBUG] - weather_temperature_analysis.execute_analyze: - Computing forecasted vs current temperature differences
2024-10-30 00:52:07  - weather_etl - [INFO] - weather_temperature_analysis.execute_analyze: - Successfully calculated temperature differences
2024-10-30 00:52:07  - weather_etl - [INFO] - weather_temperature_analysis.execute_analyze: - Analysis summary:
2024-10-30 00:52:07  - weather_etl - [INFO] - weather_temperature_analysis.execute_analyze: - - location_df: 5 records
2024-10-30 00:52:07  - weather_etl - [INFO] - weather_temperature_analysis.execute_analyze: - - current_df: 4 records
2024-10-30 00:52:07  - weather_etl - [INFO] - weather_temperature_analysis.execute_analyze: - - forecast_df: 15 records
2024-10-30 00:52:07  - weather_etl - [INFO] - weather_temperature_analysis.execute_analyze: - - max_temp_df: 4 records
2024-10-30 00:52:07  - weather_etl - [INFO] - weather_temperature_analysis.execute_analyze: - - forcasted_agg_df: 4 records
2024-10-30 00:52:07  - weather_etl - [INFO] - weather_temperature_analysis.execute_analyze: - - curr_forc_temp_diff_df: 12 records
2024-10-30 00:52:07  - weather_etl - [INFO] - weather_temperature_analysis.execute_analyze: - Temperature analysis completed successfully
2024-10-30 00:52:07  - weather_etl - [DEBUG] - step_executor.execute_step: - Saving state for step: analyze
2024-10-30 00:52:07  - weather_etl - [DEBUG] - step_executor.execute_step: - Creating checkpoint for step: analyze
2024-10-30 00:52:07  - weather_etl - [INFO] - step_executor.execute_step: - Successfully completed step: analyze
2024-10-30 00:52:07  - weather_etl - [INFO] - pipeline.execute_pipeline: - Saved metadata for step analyze
2024-10-30 00:52:07  - weather_etl - [DEBUG] - pipeline.execute_pipeline: - Cleaned up data from dq_checks
2024-10-30 00:52:07  - weather_etl - [INFO] - pipeline.execute_pipeline: - Starting execution of step: load
2024-10-30 00:52:07  - weather_etl - [DEBUG] - pipeline.execute_pipeline: - Executing load with input from analyze
2024-10-30 00:52:07  - weather_etl - [INFO] - step_executor.execute_step: - Starting execution of pipeline step: load
2024-10-30 00:52:07  - weather_etl - [DEBUG] - step_executor.execute_step: - Calling load function with input data
2024-10-30 00:52:07  - weather_etl - [INFO] - weather_csv_writer.execute_load: - Starting data export process
2024-10-30 00:52:07  - weather_etl - [INFO] - weather_csv_writer.execute_load: - Output directory set to: /Users/deepakkumar/Desktop/weather_analyzer/data/output/c402b28c-73ab-4c6f-bb04-085e502444a4
2024-10-30 00:52:07  - weather_etl - [INFO] - weather_csv_writer.execute_load: - Output directory created/verified
2024-10-30 00:52:07  - weather_etl - [INFO] - weather_csv_writer.execute_load: - Successfully exported all weather data to CSV files
2024-10-30 00:52:07  - weather_etl - [DEBUG] - step_executor.execute_step: - Saving state for step: load
2024-10-30 00:52:07  - weather_etl - [DEBUG] - step_executor.execute_step: - Creating checkpoint for step: load
2024-10-30 00:52:07  - weather_etl - [INFO] - step_executor.execute_step: - Successfully completed step: load
2024-10-30 00:52:07  - weather_etl - [INFO] - pipeline.execute_pipeline: - Saved metadata for step load
2024-10-30 00:52:07  - weather_etl - [DEBUG] - pipeline.execute_pipeline: - Cleaned up data from analyze
2024-10-30 00:52:07  - weather_etl - [DEBUG] - state.clean_directory: - Removed file: /Users/deepakkumar/Desktop/weather_analyzer/data/checkpoints/analyze.done
2024-10-30 00:52:07  - weather_etl - [DEBUG] - state.clean_directory: - Removed file: /Users/deepakkumar/Desktop/weather_analyzer/data/checkpoints/dq_checks.done
2024-10-30 00:52:07  - weather_etl - [DEBUG] - state.clean_directory: - Removed file: /Users/deepakkumar/Desktop/weather_analyzer/data/checkpoints/extract.done
2024-10-30 00:52:07  - weather_etl - [DEBUG] - state.clean_directory: - Removed file: /Users/deepakkumar/Desktop/weather_analyzer/data/checkpoints/transform.done
2024-10-30 00:52:07  - weather_etl - [DEBUG] - state.clean_directory: - Removed file: /Users/deepakkumar/Desktop/weather_analyzer/data/checkpoints/load.done
2024-10-30 00:52:07  - weather_etl - [DEBUG] - state.clean_directory: - Removed directory: /Users/deepakkumar/Desktop/weather_analyzer/data/state/dq_checks
2024-10-30 00:52:07  - weather_etl - [DEBUG] - state.clean_directory: - Removed directory: /Users/deepakkumar/Desktop/weather_analyzer/data/state/load
2024-10-30 00:52:07  - weather_etl - [DEBUG] - state.clean_directory: - Removed file: /Users/deepakkumar/Desktop/weather_analyzer/data/state/c402b28c-73ab-4c6f-bb04-085e502444a4.run_id
2024-10-30 00:52:07  - weather_etl - [DEBUG] - state.clean_directory: - Removed directory: /Users/deepakkumar/Desktop/weather_analyzer/data/state/analyze
2024-10-30 00:52:07  - weather_etl - [DEBUG] - state.clean_directory: - Removed directory: /Users/deepakkumar/Desktop/weather_analyzer/data/state/extract
2024-10-30 00:52:07  - weather_etl - [DEBUG] - state.clean_directory: - Removed directory: /Users/deepakkumar/Desktop/weather_analyzer/data/state/transform
2024-10-30 00:52:07  - weather_etl - [INFO] - state.clean_directory: - Cleaned contents while preserving directories: [PosixPath('/Users/deepakkumar/Desktop/weather_analyzer/data/checkpoints'), PosixPath('/Users/deepakkumar/Desktop/weather_analyzer/data/state')]
2024-10-30 00:52:07  - weather_etl - [INFO] - pipeline.execute_pipeline: - Pipeline completed successfully
